<?xml version="1.0" encoding="UTF-8"?>
<testsuite name="lu.uni.e4l.platform.ContextLoadsTest" tests="1" skipped="0" failures="0" errors="0" timestamp="2023-10-29T17:42:36" hostname="dev-env-e4l" time="0.004">
  <properties/>
  <testcase name="contextLoads" classname="lu.uni.e4l.platform.ContextLoadsTest" time="0.004"/>
  <system-out><![CDATA[]]></system-out>
  <system-err><![CDATA[]]></system-err>
</testsuite>
