<?xml version="1.0" encoding="UTF-8"?>
<testsuite name="lu.uni.e4l.platform.service.CalculatorServiceTest" tests="1" skipped="0" failures="0" errors="0" timestamp="2023-10-29T17:42:36" hostname="dev-env-e4l" time="0.419">
  <properties/>
  <testcase name="calculate" classname="lu.uni.e4l.platform.service.CalculatorServiceTest" time="0.419"/>
  <system-out><![CDATA[]]></system-out>
  <system-err><![CDATA[]]></system-err>
</testsuite>
